<?xml version="1.0" encoding="utf-8"?><testsuites><testsuite name="pytest" errors="0" failures="0" skipped="0" tests="3" time="0.919" timestamp="2024-05-10T04:51:17.723534" hostname="f74fc78dcb96"><testcase classname="test.test_prediction" name="test_single_pred_not_none" time="0.014" /><testcase classname="test.test_prediction" name="test_single_pred_str_type" time="0.020" /><testcase classname="test.test_prediction" name="test_single_pred_validate" time="0.020" /></testsuite></testsuites>